{
"contracts\\Factions.sol":{"l":{"48":18,"52":1,"53":1,"57":1,"58":1,"62":1,"63":1,"67":1,"68":1,"102":0,"114":26,"115":25,"117":25,"123":25,"129":27,"130":27,"131":27,"133":27,"134":27,"135":27,"137":27,"138":27,"139":27,"140":27,"141":27,"142":972,"144":972,"145":81,"147":243,"149":27,"151":216,"153":162,"155":216,"158":972,"160":27,"162":27,"168":6,"170":6,"172":6,"173":6,"175":6,"176":6,"177":216,"180":6,"186":5,"187":5,"188":5,"189":26,"196":2,"197":2,"198":4,"204":1,"209":10,"214":10,"215":360,"217":360,"218":110,"220":250,"226":3,"227":2,"229":2,"230":2,"232":2,"233":10,"234":10,"235":2,"236":2,"240":2,"241":2,"242":10,"243":10,"244":8,"247":2,"248":2,"254":2,"256":2,"257":2,"259":2,"260":2,"261":2,"267":0,"268":0,"269":0},"path":"C:\\Users\\jumic\\Projets\\rarity\\factions\\contracts\\Factions.sol","s":{"1":18,"2":1,"3":1,"4":1,"5":1,"6":1,"7":1,"8":1,"9":1,"10":0,"11":0,"12":0,"13":0,"14":0,"15":0,"16":0,"17":0,"18":0,"19":0,"20":0,"21":26,"22":25,"23":25,"24":25,"25":27,"26":27,"27":27,"28":27,"29":27,"30":27,"31":27,"32":27,"33":27,"34":27,"35":972,"36":972,"37":81,"38":891,"39":243,"40":648,"41":27,"42":621,"43":216,"44":405,"45":162,"46":243,"47":216,"48":972,"49":27,"50":27,"51":6,"52":6,"53":6,"54":6,"55":6,"56":216,"57":6,"58":5,"59":5,"60":5,"61":26,"62":2,"63":2,"64":4,"65":1,"66":10,"67":10,"68":360,"69":360,"70":110,"71":250,"72":3,"73":2,"74":2,"75":2,"76":2,"77":10,"78":10,"79":2,"80":2,"81":2,"82":2,"83":10,"84":10,"85":8,"86":2,"87":2,"88":2,"89":2,"90":2,"91":2,"92":2,"93":2,"94":0,"95":0,"96":0},"b":{"1":[1,0],"2":[1,0],"3":[1,0],"4":[1,0],"5":[0,0],"6":[0,0],"7":[0,0],"8":[0,0],"9":[0,0],"10":[25,1],"11":[25,0],"12":[27,0],"13":[27,0],"14":[81,891],"15":[243,648],"16":[27,621],"17":[216,405],"18":[162,243],"19":[216,27],"20":[6,0],"21":[5,0],"22":[110,250],"23":[2,1],"24":[2,8],"25":[8,2],"26":[2,0]},"f":{"1":18,"2":1,"3":1,"4":1,"5":1,"6":0,"7":26,"8":27,"9":6,"10":5,"11":2,"12":1,"13":10,"14":10,"15":3,"16":2,"17":0},"fnMap":{"1":{"name":"constructor","line":47,"loc":{"start":{"line":47,"column":4},"end":{"line":49,"column":4}}},"2":{"name":"setTribute","line":51,"loc":{"start":{"line":51,"column":4},"end":{"line":54,"column":4}}},"3":{"name":"setClashDelay","line":56,"loc":{"start":{"line":56,"column":4},"end":{"line":59,"column":4}}},"4":{"name":"setFactionChangeDelay","line":61,"loc":{"start":{"line":61,"column":4},"end":{"line":64,"column":4}}},"5":{"name":"setOwner","line":66,"loc":{"start":{"line":66,"column":4},"end":{"line":69,"column":4}}},"6":{"name":"factionName","line":101,"loc":{"start":{"line":101,"column":4},"end":{"line":108,"column":4}}},"7":{"name":"enroll","line":113,"loc":{"start":{"line":113,"column":4},"end":{"line":124,"column":4}}},"8":{"name":"readyOneSummoner","line":128,"loc":{"start":{"line":128,"column":4},"end":{"line":163,"column":4}}},"9":{"name":"retrieveOneSummoner","line":167,"loc":{"start":{"line":167,"column":4},"end":{"line":181,"column":4}}},"10":{"name":"readyManySummoners","line":185,"loc":{"start":{"line":185,"column":4},"end":{"line":191,"column":4}}},"11":{"name":"retrieveManySummoners","line":195,"loc":{"start":{"line":195,"column":4},"end":{"line":200,"column":4}}},"12":{"name":"getOwnedSummoners","line":203,"loc":{"start":{"line":203,"column":4},"end":{"line":205,"column":4}}},"13":{"name":"getOwnedSummonerAtIndex","line":208,"loc":{"start":{"line":208,"column":4},"end":{"line":210,"column":4}}},"14":{"name":"factionPower","line":213,"loc":{"start":{"line":213,"column":4},"end":{"line":222,"column":4}}},"15":{"name":"startClash","line":225,"loc":{"start":{"line":225,"column":4},"end":{"line":249,"column":4}}},"16":{"name":"receiveOneTributeShare","line":253,"loc":{"start":{"line":253,"column":4},"end":{"line":262,"column":4}}},"17":{"name":"receiveManyTributeShares","line":266,"loc":{"start":{"line":266,"column":4},"end":{"line":271,"column":4}}}},"statementMap":{"1":{"start":{"line":48,"column":8},"end":{"line":48,"column":25}},"2":{"start":{"line":52,"column":8},"end":{"line":52,"column":54}},"3":{"start":{"line":53,"column":8},"end":{"line":53,"column":24}},"4":{"start":{"line":57,"column":8},"end":{"line":57,"column":54}},"5":{"start":{"line":58,"column":8},"end":{"line":58,"column":26}},"6":{"start":{"line":62,"column":8},"end":{"line":62,"column":54}},"7":{"start":{"line":63,"column":8},"end":{"line":63,"column":35}},"8":{"start":{"line":67,"column":8},"end":{"line":67,"column":54}},"9":{"start":{"line":68,"column":8},"end":{"line":68,"column":23}},"10":{"start":{"line":102,"column":8},"end":{"line":102,"column":3537}},"11":{"start":{"line":102,"column":23},"end":{"line":102,"column":43}},"12":{"start":{"line":103,"column":13},"end":{"line":103,"column":3587}},"13":{"start":{"line":103,"column":28},"end":{"line":103,"column":62}},"14":{"start":{"line":104,"column":13},"end":{"line":104,"column":3651}},"15":{"start":{"line":104,"column":28},"end":{"line":104,"column":55}},"16":{"start":{"line":105,"column":13},"end":{"line":105,"column":3708}},"17":{"start":{"line":105,"column":28},"end":{"line":105,"column":57}},"18":{"start":{"line":106,"column":13},"end":{"line":106,"column":3767}},"19":{"start":{"line":106,"column":28},"end":{"line":106,"column":62}},"20":{"start":{"line":107,"column":13},"end":{"line":107,"column":26}},"21":{"start":{"line":114,"column":8},"end":{"line":114,"column":92}},"22":{"start":{"line":115,"column":8},"end":{"line":115,"column":114}},"23":{"start":{"line":117,"column":8},"end":{"line":117,"column":4248}},"24":{"start":{"line":123,"column":8},"end":{"line":123,"column":41}},"25":{"start":{"line":129,"column":8},"end":{"line":129,"column":60}},"26":{"start":{"line":130,"column":8},"end":{"line":130,"column":61}},"27":{"start":{"line":131,"column":8},"end":{"line":131,"column":69}},"28":{"start":{"line":134,"column":8},"end":{"line":134,"column":48}},"29":{"start":{"line":135,"column":8},"end":{"line":135,"column":47}},"30":{"start":{"line":137,"column":8},"end":{"line":137,"column":70}},"31":{"start":{"line":138,"column":8},"end":{"line":138,"column":45}},"32":{"start":{"line":139,"column":8},"end":{"line":139,"column":44}},"33":{"start":{"line":140,"column":8},"end":{"line":140,"column":121}},"34":{"start":{"line":141,"column":8},"end":{"line":141,"column":5285}},"35":{"start":{"line":142,"column":12},"end":{"line":142,"column":74}},"36":{"start":{"line":144,"column":12},"end":{"line":144,"column":5405}},"37":{"start":{"line":145,"column":16},"end":{"line":145,"column":85}},"38":{"start":{"line":146,"column":19},"end":{"line":146,"column":5536}},"39":{"start":{"line":147,"column":16},"end":{"line":147,"column":85}},"40":{"start":{"line":148,"column":19},"end":{"line":148,"column":5667}},"41":{"start":{"line":149,"column":16},"end":{"line":149,"column":85}},"42":{"start":{"line":150,"column":19},"end":{"line":150,"column":5798}},"43":{"start":{"line":151,"column":16},"end":{"line":151,"column":87}},"44":{"start":{"line":152,"column":19},"end":{"line":152,"column":5931}},"45":{"start":{"line":153,"column":16},"end":{"line":153,"column":85}},"46":{"start":{"line":154,"column":19},"end":{"line":154,"column":6062}},"47":{"start":{"line":155,"column":16},"end":{"line":155,"column":85}},"48":{"start":{"line":158,"column":12},"end":{"line":158,"column":75}},"49":{"start":{"line":160,"column":8},"end":{"line":160,"column":57}},"50":{"start":{"line":162,"column":8},"end":{"line":162,"column":64}},"51":{"start":{"line":168,"column":8},"end":{"line":168,"column":84}},"52":{"start":{"line":170,"column":8},"end":{"line":170,"column":53}},"53":{"start":{"line":173,"column":8},"end":{"line":173,"column":50}},"54":{"start":{"line":175,"column":8},"end":{"line":175,"column":67}},"55":{"start":{"line":176,"column":8},"end":{"line":176,"column":6855}},"56":{"start":{"line":177,"column":12},"end":{"line":177,"column":57}},"57":{"start":{"line":180,"column":8},"end":{"line":180,"column":64}},"58":{"start":{"line":186,"column":8},"end":{"line":186,"column":35}},"59":{"start":{"line":187,"column":8},"end":{"line":187,"column":75}},"60":{"start":{"line":188,"column":8},"end":{"line":188,"column":7323}},"61":{"start":{"line":189,"column":12},"end":{"line":189,"column":41}},"62":{"start":{"line":196,"column":8},"end":{"line":196,"column":35}},"63":{"start":{"line":197,"column":8},"end":{"line":197,"column":7611}},"64":{"start":{"line":198,"column":12},"end":{"line":198,"column":44}},"65":{"start":{"line":204,"column":8},"end":{"line":204,"column":46}},"66":{"start":{"line":209,"column":8},"end":{"line":209,"column":47}},"67":{"start":{"line":214,"column":8},"end":{"line":214,"column":8230}},"68":{"start":{"line":215,"column":12},"end":{"line":215,"column":65}},"69":{"start":{"line":217,"column":12},"end":{"line":217,"column":8379}},"70":{"start":{"line":218,"column":16},"end":{"line":218,"column":87}},"71":{"start":{"line":220,"column":16},"end":{"line":220,"column":49}},"72":{"start":{"line":226,"column":8},"end":{"line":226,"column":84}},"73":{"start":{"line":227,"column":8},"end":{"line":227,"column":34}},"74":{"start":{"line":229,"column":8},"end":{"line":229,"column":20}},"75":{"start":{"line":230,"column":8},"end":{"line":230,"column":21}},"76":{"start":{"line":232,"column":8},"end":{"line":232,"column":8780}},"77":{"start":{"line":233,"column":12},"end":{"line":233,"column":40}},"78":{"start":{"line":234,"column":12},"end":{"line":234,"column":8865}},"79":{"start":{"line":235,"column":16},"end":{"line":235,"column":25}},"80":{"start":{"line":236,"column":16},"end":{"line":236,"column":31}},"81":{"start":{"line":240,"column":8},"end":{"line":240,"column":22}},"82":{"start":{"line":241,"column":8},"end":{"line":241,"column":9003}},"83":{"start":{"line":242,"column":12},"end":{"line":242,"column":37}},"84":{"start":{"line":243,"column":12},"end":{"line":243,"column":9086}},"85":{"start":{"line":244,"column":16},"end":{"line":244,"column":32}},"86":{"start":{"line":247,"column":8},"end":{"line":247,"column":37}},"87":{"start":{"line":248,"column":8},"end":{"line":248,"column":41}},"88":{"start":{"line":254,"column":8},"end":{"line":254,"column":93}},"89":{"start":{"line":256,"column":8},"end":{"line":256,"column":60}},"90":{"start":{"line":257,"column":8},"end":{"line":257,"column":132}},"91":{"start":{"line":259,"column":8},"end":{"line":259,"column":56}},"92":{"start":{"line":260,"column":8},"end":{"line":260,"column":74}},"93":{"start":{"line":261,"column":8},"end":{"line":261,"column":52}},"94":{"start":{"line":267,"column":8},"end":{"line":267,"column":35}},"95":{"start":{"line":268,"column":8},"end":{"line":268,"column":10121}},"96":{"start":{"line":269,"column":12},"end":{"line":269,"column":47}}},"branchMap":{"1":{"line":52,"type":"if","locations":[{"start":{"line":52,"column":8},"end":{"line":52,"column":8}},{"start":{"line":52,"column":8},"end":{"line":52,"column":8}}]},"2":{"line":57,"type":"if","locations":[{"start":{"line":57,"column":8},"end":{"line":57,"column":8}},{"start":{"line":57,"column":8},"end":{"line":57,"column":8}}]},"3":{"line":62,"type":"if","locations":[{"start":{"line":62,"column":8},"end":{"line":62,"column":8}},{"start":{"line":62,"column":8},"end":{"line":62,"column":8}}]},"4":{"line":67,"type":"if","locations":[{"start":{"line":67,"column":8},"end":{"line":67,"column":8}},{"start":{"line":67,"column":8},"end":{"line":67,"column":8}}]},"5":{"line":102,"type":"if","locations":[{"start":{"line":102,"column":8},"end":{"line":102,"column":8}},{"start":{"line":102,"column":8},"end":{"line":102,"column":8}}]},"6":{"line":103,"type":"if","locations":[{"start":{"line":103,"column":13},"end":{"line":103,"column":13}},{"start":{"line":103,"column":13},"end":{"line":103,"column":13}}]},"7":{"line":104,"type":"if","locations":[{"start":{"line":104,"column":13},"end":{"line":104,"column":13}},{"start":{"line":104,"column":13},"end":{"line":104,"column":13}}]},"8":{"line":105,"type":"if","locations":[{"start":{"line":105,"column":13},"end":{"line":105,"column":13}},{"start":{"line":105,"column":13},"end":{"line":105,"column":13}}]},"9":{"line":106,"type":"if","locations":[{"start":{"line":106,"column":13},"end":{"line":106,"column":13}},{"start":{"line":106,"column":13},"end":{"line":106,"column":13}}]},"10":{"line":114,"type":"if","locations":[{"start":{"line":114,"column":8},"end":{"line":114,"column":8}},{"start":{"line":114,"column":8},"end":{"line":114,"column":8}}]},"11":{"line":115,"type":"if","locations":[{"start":{"line":115,"column":8},"end":{"line":115,"column":8}},{"start":{"line":115,"column":8},"end":{"line":115,"column":8}}]},"12":{"line":130,"type":"if","locations":[{"start":{"line":130,"column":8},"end":{"line":130,"column":8}},{"start":{"line":130,"column":8},"end":{"line":130,"column":8}}]},"13":{"line":131,"type":"if","locations":[{"start":{"line":131,"column":8},"end":{"line":131,"column":8}},{"start":{"line":131,"column":8},"end":{"line":131,"column":8}}]},"14":{"line":144,"type":"if","locations":[{"start":{"line":144,"column":12},"end":{"line":144,"column":12}},{"start":{"line":144,"column":12},"end":{"line":144,"column":12}}]},"15":{"line":146,"type":"if","locations":[{"start":{"line":146,"column":19},"end":{"line":146,"column":19}},{"start":{"line":146,"column":19},"end":{"line":146,"column":19}}]},"16":{"line":148,"type":"if","locations":[{"start":{"line":148,"column":19},"end":{"line":148,"column":19}},{"start":{"line":148,"column":19},"end":{"line":148,"column":19}}]},"17":{"line":150,"type":"if","locations":[{"start":{"line":150,"column":19},"end":{"line":150,"column":19}},{"start":{"line":150,"column":19},"end":{"line":150,"column":19}}]},"18":{"line":152,"type":"if","locations":[{"start":{"line":152,"column":19},"end":{"line":152,"column":19}},{"start":{"line":152,"column":19},"end":{"line":152,"column":19}}]},"19":{"line":154,"type":"if","locations":[{"start":{"line":154,"column":19},"end":{"line":154,"column":19}},{"start":{"line":154,"column":19},"end":{"line":154,"column":19}}]},"20":{"line":168,"type":"if","locations":[{"start":{"line":168,"column":8},"end":{"line":168,"column":8}},{"start":{"line":168,"column":8},"end":{"line":168,"column":8}}]},"21":{"line":187,"type":"if","locations":[{"start":{"line":187,"column":8},"end":{"line":187,"column":8}},{"start":{"line":187,"column":8},"end":{"line":187,"column":8}}]},"22":{"line":217,"type":"if","locations":[{"start":{"line":217,"column":12},"end":{"line":217,"column":12}},{"start":{"line":217,"column":12},"end":{"line":217,"column":12}}]},"23":{"line":226,"type":"if","locations":[{"start":{"line":226,"column":8},"end":{"line":226,"column":8}},{"start":{"line":226,"column":8},"end":{"line":226,"column":8}}]},"24":{"line":234,"type":"if","locations":[{"start":{"line":234,"column":12},"end":{"line":234,"column":12}},{"start":{"line":234,"column":12},"end":{"line":234,"column":12}}]},"25":{"line":243,"type":"if","locations":[{"start":{"line":243,"column":12},"end":{"line":243,"column":12}},{"start":{"line":243,"column":12},"end":{"line":243,"column":12}}]},"26":{"line":254,"type":"if","locations":[{"start":{"line":254,"column":8},"end":{"line":254,"column":8}},{"start":{"line":254,"column":8},"end":{"line":254,"column":8}}]}}}}
