TN:
SF:C:\Users\jumic\Projets\rarity\factions\contracts\Factions.sol
FN:47,constructor
FN:51,setTribute
FN:56,setClashDelay
FN:61,setFactionChangeDelay
FN:66,setOwner
FN:101,factionName
FN:113,enroll
FN:128,readyOneSummoner
FN:167,retrieveOneSummoner
FN:185,readyManySummoners
FN:195,retrieveManySummoners
FN:203,getOwnedSummoners
FN:208,getOwnedSummonerAtIndex
FN:213,factionPower
FN:225,startClash
FN:253,receiveOneTributeShare
FN:266,receiveManyTributeShares
FNF:17
FNH:15
FNDA:18,constructor
FNDA:1,setTribute
FNDA:1,setClashDelay
FNDA:1,setFactionChangeDelay
FNDA:1,setOwner
FNDA:0,factionName
FNDA:26,enroll
FNDA:27,readyOneSummoner
FNDA:6,retrieveOneSummoner
FNDA:5,readyManySummoners
FNDA:2,retrieveManySummoners
FNDA:1,getOwnedSummoners
FNDA:10,getOwnedSummonerAtIndex
FNDA:10,factionPower
FNDA:3,startClash
FNDA:2,receiveOneTributeShare
FNDA:0,receiveManyTributeShares
DA:48,18
DA:52,1
DA:53,1
DA:57,1
DA:58,1
DA:62,1
DA:63,1
DA:67,1
DA:68,1
DA:102,0
DA:114,26
DA:115,25
DA:117,25
DA:123,25
DA:129,27
DA:130,27
DA:131,27
DA:133,27
DA:134,27
DA:135,27
DA:137,27
DA:138,27
DA:139,27
DA:140,27
DA:141,27
DA:142,972
DA:144,972
DA:145,81
DA:147,243
DA:149,27
DA:151,216
DA:153,162
DA:155,216
DA:158,972
DA:160,27
DA:162,27
DA:168,6
DA:170,6
DA:172,6
DA:173,6
DA:175,6
DA:176,6
DA:177,216
DA:180,6
DA:186,5
DA:187,5
DA:188,5
DA:189,26
DA:196,2
DA:197,2
DA:198,4
DA:204,1
DA:209,10
DA:214,10
DA:215,360
DA:217,360
DA:218,110
DA:220,250
DA:226,3
DA:227,2
DA:229,2
DA:230,2
DA:232,2
DA:233,10
DA:234,10
DA:235,2
DA:236,2
DA:240,2
DA:241,2
DA:242,10
DA:243,10
DA:244,8
DA:247,2
DA:248,2
DA:254,2
DA:256,2
DA:257,2
DA:259,2
DA:260,2
DA:261,2
DA:267,0
DA:268,0
DA:269,0
LF:83
LH:79
BRDA:52,1,0,1
BRDA:52,1,1,0
BRDA:57,2,0,1
BRDA:57,2,1,0
BRDA:62,3,0,1
BRDA:62,3,1,0
BRDA:67,4,0,1
BRDA:67,4,1,0
BRDA:102,5,0,0
BRDA:102,5,1,0
BRDA:103,6,0,0
BRDA:103,6,1,0
BRDA:104,7,0,0
BRDA:104,7,1,0
BRDA:105,8,0,0
BRDA:105,8,1,0
BRDA:106,9,0,0
BRDA:106,9,1,0
BRDA:114,10,0,25
BRDA:114,10,1,1
BRDA:115,11,0,25
BRDA:115,11,1,0
BRDA:130,12,0,27
BRDA:130,12,1,0
BRDA:131,13,0,27
BRDA:131,13,1,0
BRDA:144,14,0,81
BRDA:144,14,1,891
BRDA:146,15,0,243
BRDA:146,15,1,648
BRDA:148,16,0,27
BRDA:148,16,1,621
BRDA:150,17,0,216
BRDA:150,17,1,405
BRDA:152,18,0,162
BRDA:152,18,1,243
BRDA:154,19,0,216
BRDA:154,19,1,27
BRDA:168,20,0,6
BRDA:168,20,1,0
BRDA:187,21,0,5
BRDA:187,21,1,0
BRDA:217,22,0,110
BRDA:217,22,1,250
BRDA:226,23,0,2
BRDA:226,23,1,1
BRDA:234,24,0,2
BRDA:234,24,1,8
BRDA:243,25,0,8
BRDA:243,25,1,2
BRDA:254,26,0,2
BRDA:254,26,1,0
BRF:52
BRH:32
end_of_record
